2025-01-02 09:27:38 DEBUG PackageRelationshipCollection:307 - Parsing relationship: /xl/_rels/workbook.xml.rels
2025-01-02 09:27:38 DEBUG PackageRelationshipCollection:307 - Parsing relationship: /xl/worksheets/_rels/sheet1.xml.rels
2025-01-02 09:27:38 DEBUG PackageRelationshipCollection:307 - Parsing relationship: /_rels/.rels
2025-01-02 09:27:38 DEBUG POIXMLFactory:65 - using default POIXMLDocumentPart for http://schemas.openxmlformats.org/officeDocument/2006/relationships/printerSettings
2025-01-02 09:27:39 DEBUG PackageRelationshipCollection:307 - Parsing relationship: /xl/_rels/workbook.xml.rels
2025-01-02 09:27:39 DEBUG PackageRelationshipCollection:307 - Parsing relationship: /xl/worksheets/_rels/sheet1.xml.rels
2025-01-02 09:27:39 DEBUG PackageRelationshipCollection:307 - Parsing relationship: /_rels/.rels
2025-01-02 09:27:39 DEBUG POIXMLFactory:65 - using default POIXMLDocumentPart for http://schemas.openxmlformats.org/officeDocument/2006/relationships/printerSettings
2025-01-02 09:27:39 DEBUG PackageRelationshipCollection:307 - Parsing relationship: /xl/_rels/workbook.xml.rels
2025-01-02 09:27:39 DEBUG PackageRelationshipCollection:307 - Parsing relationship: /xl/worksheets/_rels/sheet1.xml.rels
2025-01-02 09:27:39 DEBUG PackageRelationshipCollection:307 - Parsing relationship: /_rels/.rels
2025-01-02 09:27:39 DEBUG POIXMLFactory:65 - using default POIXMLDocumentPart for http://schemas.openxmlformats.org/officeDocument/2006/relationships/printerSettings
2025-01-02 09:27:39 DEBUG PackageRelationshipCollection:307 - Parsing relationship: /xl/_rels/workbook.xml.rels
2025-01-02 09:27:39 DEBUG PackageRelationshipCollection:307 - Parsing relationship: /xl/worksheets/_rels/sheet1.xml.rels
2025-01-02 09:27:39 DEBUG PackageRelationshipCollection:307 - Parsing relationship: /_rels/.rels
2025-01-02 09:27:39 DEBUG POIXMLFactory:65 - using default POIXMLDocumentPart for http://schemas.openxmlformats.org/officeDocument/2006/relationships/printerSettings
2025-01-02 09:27:39 DEBUG PackageRelationshipCollection:307 - Parsing relationship: /xl/_rels/workbook.xml.rels
2025-01-02 09:27:39 DEBUG PackageRelationshipCollection:307 - Parsing relationship: /xl/worksheets/_rels/sheet1.xml.rels
2025-01-02 09:27:39 DEBUG PackageRelationshipCollection:307 - Parsing relationship: /_rels/.rels
2025-01-02 09:27:39 DEBUG POIXMLFactory:65 - using default POIXMLDocumentPart for http://schemas.openxmlformats.org/officeDocument/2006/relationships/printerSettings
2025-01-02 09:27:39 DEBUG PackageRelationshipCollection:307 - Parsing relationship: /xl/_rels/workbook.xml.rels
2025-01-02 09:27:39 DEBUG PackageRelationshipCollection:307 - Parsing relationship: /xl/worksheets/_rels/sheet1.xml.rels
2025-01-02 09:27:39 DEBUG PackageRelationshipCollection:307 - Parsing relationship: /_rels/.rels
2025-01-02 09:27:39 DEBUG POIXMLFactory:65 - using default POIXMLDocumentPart for http://schemas.openxmlformats.org/officeDocument/2006/relationships/printerSettings
2025-01-02 09:27:39 DEBUG PackageRelationshipCollection:307 - Parsing relationship: /xl/_rels/workbook.xml.rels
2025-01-02 09:27:39 DEBUG PackageRelationshipCollection:307 - Parsing relationship: /xl/worksheets/_rels/sheet1.xml.rels
2025-01-02 09:27:39 DEBUG PackageRelationshipCollection:307 - Parsing relationship: /_rels/.rels
2025-01-02 09:27:39 DEBUG POIXMLFactory:65 - using default POIXMLDocumentPart for http://schemas.openxmlformats.org/officeDocument/2006/relationships/printerSettings
2025-01-02 09:27:39 DEBUG PackageRelationshipCollection:307 - Parsing relationship: /xl/_rels/workbook.xml.rels
2025-01-02 09:27:39 DEBUG PackageRelationshipCollection:307 - Parsing relationship: /xl/worksheets/_rels/sheet1.xml.rels
2025-01-02 09:27:39 DEBUG PackageRelationshipCollection:307 - Parsing relationship: /_rels/.rels
2025-01-02 09:27:39 DEBUG POIXMLFactory:65 - using default POIXMLDocumentPart for http://schemas.openxmlformats.org/officeDocument/2006/relationships/printerSettings
2025-01-02 09:27:39 DEBUG PackageRelationshipCollection:307 - Parsing relationship: /xl/_rels/workbook.xml.rels
2025-01-02 09:27:39 DEBUG PackageRelationshipCollection:307 - Parsing relationship: /xl/worksheets/_rels/sheet1.xml.rels
2025-01-02 09:27:39 DEBUG PackageRelationshipCollection:307 - Parsing relationship: /_rels/.rels
2025-01-02 09:27:39 DEBUG POIXMLFactory:65 - using default POIXMLDocumentPart for http://schemas.openxmlformats.org/officeDocument/2006/relationships/printerSettings
2025-01-02 09:27:39 DEBUG PackageRelationshipCollection:307 - Parsing relationship: /xl/_rels/workbook.xml.rels
2025-01-02 09:27:39 DEBUG PackageRelationshipCollection:307 - Parsing relationship: /xl/worksheets/_rels/sheet1.xml.rels
2025-01-02 09:27:39 DEBUG PackageRelationshipCollection:307 - Parsing relationship: /_rels/.rels
2025-01-02 09:27:39 DEBUG POIXMLFactory:65 - using default POIXMLDocumentPart for http://schemas.openxmlformats.org/officeDocument/2006/relationships/printerSettings
2025-01-02 09:27:39 DEBUG PackageRelationshipCollection:307 - Parsing relationship: /xl/_rels/workbook.xml.rels
2025-01-02 09:27:39 DEBUG PackageRelationshipCollection:307 - Parsing relationship: /xl/worksheets/_rels/sheet1.xml.rels
2025-01-02 09:27:39 DEBUG PackageRelationshipCollection:307 - Parsing relationship: /_rels/.rels
2025-01-02 09:27:39 DEBUG POIXMLFactory:65 - using default POIXMLDocumentPart for http://schemas.openxmlformats.org/officeDocument/2006/relationships/printerSettings
2025-01-02 09:27:39 DEBUG PackageRelationshipCollection:307 - Parsing relationship: /xl/_rels/workbook.xml.rels
2025-01-02 09:27:39 DEBUG PackageRelationshipCollection:307 - Parsing relationship: /xl/worksheets/_rels/sheet1.xml.rels
2025-01-02 09:27:39 DEBUG PackageRelationshipCollection:307 - Parsing relationship: /_rels/.rels
2025-01-02 09:27:39 DEBUG POIXMLFactory:65 - using default POIXMLDocumentPart for http://schemas.openxmlformats.org/officeDocument/2006/relationships/printerSettings
2025-01-02 09:27:39 DEBUG PackageRelationshipCollection:307 - Parsing relationship: /xl/_rels/workbook.xml.rels
2025-01-02 09:27:39 DEBUG PackageRelationshipCollection:307 - Parsing relationship: /xl/worksheets/_rels/sheet1.xml.rels
2025-01-02 09:27:39 DEBUG PackageRelationshipCollection:307 - Parsing relationship: /_rels/.rels
2025-01-02 09:27:39 DEBUG POIXMLFactory:65 - using default POIXMLDocumentPart for http://schemas.openxmlformats.org/officeDocument/2006/relationships/printerSettings
2025-01-02 09:27:39 DEBUG PackageRelationshipCollection:307 - Parsing relationship: /xl/_rels/workbook.xml.rels
2025-01-02 09:27:39 DEBUG PackageRelationshipCollection:307 - Parsing relationship: /xl/worksheets/_rels/sheet1.xml.rels
2025-01-02 09:27:39 DEBUG PackageRelationshipCollection:307 - Parsing relationship: /_rels/.rels
2025-01-02 09:27:39 DEBUG POIXMLFactory:65 - using default POIXMLDocumentPart for http://schemas.openxmlformats.org/officeDocument/2006/relationships/printerSettings
2025-01-02 09:27:39 DEBUG PackageRelationshipCollection:307 - Parsing relationship: /xl/_rels/workbook.xml.rels
2025-01-02 09:27:39 DEBUG PackageRelationshipCollection:307 - Parsing relationship: /xl/worksheets/_rels/sheet1.xml.rels
2025-01-02 09:27:39 DEBUG PackageRelationshipCollection:307 - Parsing relationship: /_rels/.rels
2025-01-02 09:27:39 DEBUG POIXMLFactory:65 - using default POIXMLDocumentPart for http://schemas.openxmlformats.org/officeDocument/2006/relationships/printerSettings
2025-01-02 09:27:39 DEBUG PackageRelationshipCollection:307 - Parsing relationship: /xl/_rels/workbook.xml.rels
2025-01-02 09:27:39 DEBUG PackageRelationshipCollection:307 - Parsing relationship: /xl/worksheets/_rels/sheet1.xml.rels
2025-01-02 09:27:39 DEBUG PackageRelationshipCollection:307 - Parsing relationship: /_rels/.rels
2025-01-02 09:27:39 DEBUG POIXMLFactory:65 - using default POIXMLDocumentPart for http://schemas.openxmlformats.org/officeDocument/2006/relationships/printerSettings
2025-01-02 09:27:39 DEBUG PackageRelationshipCollection:307 - Parsing relationship: /xl/_rels/workbook.xml.rels
2025-01-02 09:27:39 DEBUG PackageRelationshipCollection:307 - Parsing relationship: /xl/worksheets/_rels/sheet1.xml.rels
2025-01-02 09:27:39 DEBUG PackageRelationshipCollection:307 - Parsing relationship: /_rels/.rels
2025-01-02 09:27:39 DEBUG POIXMLFactory:65 - using default POIXMLDocumentPart for http://schemas.openxmlformats.org/officeDocument/2006/relationships/printerSettings
2025-01-02 09:29:17 DEBUG PackageRelationshipCollection:307 - Parsing relationship: /xl/_rels/workbook.xml.rels
2025-01-02 09:29:17 DEBUG PackageRelationshipCollection:307 - Parsing relationship: /xl/worksheets/_rels/sheet1.xml.rels
2025-01-02 09:29:17 DEBUG PackageRelationshipCollection:307 - Parsing relationship: /_rels/.rels
2025-01-02 09:29:17 DEBUG POIXMLFactory:65 - using default POIXMLDocumentPart for http://schemas.openxmlformats.org/officeDocument/2006/relationships/printerSettings
2025-01-02 09:29:17 DEBUG PackageRelationshipCollection:307 - Parsing relationship: /xl/_rels/workbook.xml.rels
2025-01-02 09:29:17 DEBUG PackageRelationshipCollection:307 - Parsing relationship: /xl/worksheets/_rels/sheet1.xml.rels
2025-01-02 09:29:17 DEBUG PackageRelationshipCollection:307 - Parsing relationship: /_rels/.rels
2025-01-02 09:29:17 DEBUG POIXMLFactory:65 - using default POIXMLDocumentPart for http://schemas.openxmlformats.org/officeDocument/2006/relationships/printerSettings
2025-01-02 09:29:17 DEBUG PackageRelationshipCollection:307 - Parsing relationship: /xl/_rels/workbook.xml.rels
2025-01-02 09:29:17 DEBUG PackageRelationshipCollection:307 - Parsing relationship: /xl/worksheets/_rels/sheet1.xml.rels
2025-01-02 09:29:17 DEBUG PackageRelationshipCollection:307 - Parsing relationship: /_rels/.rels
2025-01-02 09:29:17 DEBUG POIXMLFactory:65 - using default POIXMLDocumentPart for http://schemas.openxmlformats.org/officeDocument/2006/relationships/printerSettings
2025-01-02 09:29:17 DEBUG PackageRelationshipCollection:307 - Parsing relationship: /xl/_rels/workbook.xml.rels
2025-01-02 09:29:17 DEBUG PackageRelationshipCollection:307 - Parsing relationship: /xl/worksheets/_rels/sheet1.xml.rels
2025-01-02 09:29:17 DEBUG PackageRelationshipCollection:307 - Parsing relationship: /_rels/.rels
2025-01-02 09:29:17 DEBUG POIXMLFactory:65 - using default POIXMLDocumentPart for http://schemas.openxmlformats.org/officeDocument/2006/relationships/printerSettings
2025-01-02 09:29:17 DEBUG PackageRelationshipCollection:307 - Parsing relationship: /xl/_rels/workbook.xml.rels
2025-01-02 09:29:17 DEBUG PackageRelationshipCollection:307 - Parsing relationship: /xl/worksheets/_rels/sheet1.xml.rels
2025-01-02 09:29:17 DEBUG PackageRelationshipCollection:307 - Parsing relationship: /_rels/.rels
2025-01-02 09:29:17 DEBUG POIXMLFactory:65 - using default POIXMLDocumentPart for http://schemas.openxmlformats.org/officeDocument/2006/relationships/printerSettings
2025-01-02 09:29:17 DEBUG PackageRelationshipCollection:307 - Parsing relationship: /xl/_rels/workbook.xml.rels
2025-01-02 09:29:17 DEBUG PackageRelationshipCollection:307 - Parsing relationship: /xl/worksheets/_rels/sheet1.xml.rels
2025-01-02 09:29:17 DEBUG PackageRelationshipCollection:307 - Parsing relationship: /_rels/.rels
2025-01-02 09:29:17 DEBUG POIXMLFactory:65 - using default POIXMLDocumentPart for http://schemas.openxmlformats.org/officeDocument/2006/relationships/printerSettings
2025-01-02 09:29:17 DEBUG PackageRelationshipCollection:307 - Parsing relationship: /xl/_rels/workbook.xml.rels
2025-01-02 09:29:17 DEBUG PackageRelationshipCollection:307 - Parsing relationship: /xl/worksheets/_rels/sheet1.xml.rels
2025-01-02 09:29:17 DEBUG PackageRelationshipCollection:307 - Parsing relationship: /_rels/.rels
2025-01-02 09:29:17 DEBUG POIXMLFactory:65 - using default POIXMLDocumentPart for http://schemas.openxmlformats.org/officeDocument/2006/relationships/printerSettings
2025-01-02 09:29:17 DEBUG PackageRelationshipCollection:307 - Parsing relationship: /xl/_rels/workbook.xml.rels
2025-01-02 09:29:17 DEBUG PackageRelationshipCollection:307 - Parsing relationship: /xl/worksheets/_rels/sheet1.xml.rels
2025-01-02 09:29:17 DEBUG PackageRelationshipCollection:307 - Parsing relationship: /_rels/.rels
2025-01-02 09:29:17 DEBUG POIXMLFactory:65 - using default POIXMLDocumentPart for http://schemas.openxmlformats.org/officeDocument/2006/relationships/printerSettings
2025-01-02 09:29:17 DEBUG PackageRelationshipCollection:307 - Parsing relationship: /xl/_rels/workbook.xml.rels
2025-01-02 09:29:17 DEBUG PackageRelationshipCollection:307 - Parsing relationship: /xl/worksheets/_rels/sheet1.xml.rels
2025-01-02 09:29:17 DEBUG PackageRelationshipCollection:307 - Parsing relationship: /_rels/.rels
2025-01-02 09:29:17 DEBUG POIXMLFactory:65 - using default POIXMLDocumentPart for http://schemas.openxmlformats.org/officeDocument/2006/relationships/printerSettings
2025-01-02 09:29:17 DEBUG PackageRelationshipCollection:307 - Parsing relationship: /xl/_rels/workbook.xml.rels
2025-01-02 09:29:17 DEBUG PackageRelationshipCollection:307 - Parsing relationship: /xl/worksheets/_rels/sheet1.xml.rels
2025-01-02 09:29:17 DEBUG PackageRelationshipCollection:307 - Parsing relationship: /_rels/.rels
2025-01-02 09:29:17 DEBUG POIXMLFactory:65 - using default POIXMLDocumentPart for http://schemas.openxmlformats.org/officeDocument/2006/relationships/printerSettings
2025-01-02 09:29:18 DEBUG PackageRelationshipCollection:307 - Parsing relationship: /xl/_rels/workbook.xml.rels
2025-01-02 09:29:18 DEBUG PackageRelationshipCollection:307 - Parsing relationship: /xl/worksheets/_rels/sheet1.xml.rels
2025-01-02 09:29:18 DEBUG PackageRelationshipCollection:307 - Parsing relationship: /_rels/.rels
2025-01-02 09:29:18 DEBUG POIXMLFactory:65 - using default POIXMLDocumentPart for http://schemas.openxmlformats.org/officeDocument/2006/relationships/printerSettings
2025-01-02 09:29:18 DEBUG PackageRelationshipCollection:307 - Parsing relationship: /xl/_rels/workbook.xml.rels
2025-01-02 09:29:18 DEBUG PackageRelationshipCollection:307 - Parsing relationship: /xl/worksheets/_rels/sheet1.xml.rels
2025-01-02 09:29:18 DEBUG PackageRelationshipCollection:307 - Parsing relationship: /_rels/.rels
2025-01-02 09:29:18 DEBUG POIXMLFactory:65 - using default POIXMLDocumentPart for http://schemas.openxmlformats.org/officeDocument/2006/relationships/printerSettings
2025-01-02 09:29:18 DEBUG PackageRelationshipCollection:307 - Parsing relationship: /xl/_rels/workbook.xml.rels
2025-01-02 09:29:18 DEBUG PackageRelationshipCollection:307 - Parsing relationship: /xl/worksheets/_rels/sheet1.xml.rels
2025-01-02 09:29:18 DEBUG PackageRelationshipCollection:307 - Parsing relationship: /_rels/.rels
2025-01-02 09:29:18 DEBUG POIXMLFactory:65 - using default POIXMLDocumentPart for http://schemas.openxmlformats.org/officeDocument/2006/relationships/printerSettings
2025-01-02 09:29:18 DEBUG PackageRelationshipCollection:307 - Parsing relationship: /xl/_rels/workbook.xml.rels
2025-01-02 09:29:18 DEBUG PackageRelationshipCollection:307 - Parsing relationship: /xl/worksheets/_rels/sheet1.xml.rels
2025-01-02 09:29:18 DEBUG PackageRelationshipCollection:307 - Parsing relationship: /_rels/.rels
2025-01-02 09:29:18 DEBUG POIXMLFactory:65 - using default POIXMLDocumentPart for http://schemas.openxmlformats.org/officeDocument/2006/relationships/printerSettings
2025-01-02 09:29:18 DEBUG PackageRelationshipCollection:307 - Parsing relationship: /xl/_rels/workbook.xml.rels
2025-01-02 09:29:18 DEBUG PackageRelationshipCollection:307 - Parsing relationship: /xl/worksheets/_rels/sheet1.xml.rels
2025-01-02 09:29:18 DEBUG PackageRelationshipCollection:307 - Parsing relationship: /_rels/.rels
2025-01-02 09:29:18 DEBUG POIXMLFactory:65 - using default POIXMLDocumentPart for http://schemas.openxmlformats.org/officeDocument/2006/relationships/printerSettings
2025-01-02 09:29:18 DEBUG PackageRelationshipCollection:307 - Parsing relationship: /xl/_rels/workbook.xml.rels
2025-01-02 09:29:18 DEBUG PackageRelationshipCollection:307 - Parsing relationship: /xl/worksheets/_rels/sheet1.xml.rels
2025-01-02 09:29:18 DEBUG PackageRelationshipCollection:307 - Parsing relationship: /_rels/.rels
2025-01-02 09:29:18 DEBUG POIXMLFactory:65 - using default POIXMLDocumentPart for http://schemas.openxmlformats.org/officeDocument/2006/relationships/printerSettings
2025-01-02 09:29:18 DEBUG PackageRelationshipCollection:307 - Parsing relationship: /xl/_rels/workbook.xml.rels
2025-01-02 09:29:18 DEBUG PackageRelationshipCollection:307 - Parsing relationship: /xl/worksheets/_rels/sheet1.xml.rels
2025-01-02 09:29:18 DEBUG PackageRelationshipCollection:307 - Parsing relationship: /_rels/.rels
2025-01-02 09:29:18 DEBUG POIXMLFactory:65 - using default POIXMLDocumentPart for http://schemas.openxmlformats.org/officeDocument/2006/relationships/printerSettings
2025-01-02 09:31:36 DEBUG TestNG:82 - suiteXmlPath: "C:\Users\kkirdak\OneDrive - Capgemini\Desktop\Selenium Pavan Kumar\Programs\OpenCartV1\master.xml"
2025-01-02 09:31:36 INFO  Utils:112 - [TestNG] Running:
  C:\Users\kkirdak\OneDrive - Capgemini\Desktop\Selenium Pavan Kumar\Programs\OpenCartV1\master.xml

2025-01-02 09:31:45 INFO  TC001_AccountRegistrationTest:17 - ****Starting TC001_AccountRegistrationTest......***
2025-01-02 09:31:46 INFO  TC001_AccountRegistrationTest:22 - Clicked on register link...
2025-01-02 09:31:46 INFO  TC001_AccountRegistrationTest:26 - Entering customer details...
2025-01-02 09:31:50 INFO  TC001_AccountRegistrationTest:39 - Validating expected message
2025-01-02 09:31:50 INFO  TC001_AccountRegistrationTest:59 - ****Finished TC001_AccountRegistrationTest......***
2025-01-02 09:31:54 INFO  TC002_LoginTest:15 - *****Starting TC002_LoginTest*****
2025-01-02 09:31:56 INFO  TC002_LoginTest:40 - *****Finished TC002_LoginTest*****
2025-01-02 09:32:38 DEBUG PackageRelationshipCollection:307 - Parsing relationship: /xl/_rels/workbook.xml.rels
2025-01-02 09:32:38 DEBUG PackageRelationshipCollection:307 - Parsing relationship: /xl/worksheets/_rels/sheet1.xml.rels
2025-01-02 09:32:38 DEBUG PackageRelationshipCollection:307 - Parsing relationship: /_rels/.rels
2025-01-02 09:32:38 DEBUG POIXMLFactory:65 - using default POIXMLDocumentPart for http://schemas.openxmlformats.org/officeDocument/2006/relationships/printerSettings
2025-01-02 09:32:38 DEBUG PackageRelationshipCollection:307 - Parsing relationship: /xl/_rels/workbook.xml.rels
2025-01-02 09:32:38 DEBUG PackageRelationshipCollection:307 - Parsing relationship: /xl/worksheets/_rels/sheet1.xml.rels
2025-01-02 09:32:38 DEBUG PackageRelationshipCollection:307 - Parsing relationship: /_rels/.rels
2025-01-02 09:32:38 DEBUG POIXMLFactory:65 - using default POIXMLDocumentPart for http://schemas.openxmlformats.org/officeDocument/2006/relationships/printerSettings
2025-01-02 09:32:38 DEBUG PackageRelationshipCollection:307 - Parsing relationship: /xl/_rels/workbook.xml.rels
2025-01-02 09:32:38 DEBUG PackageRelationshipCollection:307 - Parsing relationship: /xl/worksheets/_rels/sheet1.xml.rels
2025-01-02 09:32:38 DEBUG PackageRelationshipCollection:307 - Parsing relationship: /_rels/.rels
2025-01-02 09:32:38 DEBUG POIXMLFactory:65 - using default POIXMLDocumentPart for http://schemas.openxmlformats.org/officeDocument/2006/relationships/printerSettings
2025-01-02 09:32:38 DEBUG PackageRelationshipCollection:307 - Parsing relationship: /xl/_rels/workbook.xml.rels
2025-01-02 09:32:38 DEBUG PackageRelationshipCollection:307 - Parsing relationship: /xl/worksheets/_rels/sheet1.xml.rels
2025-01-02 09:32:38 DEBUG PackageRelationshipCollection:307 - Parsing relationship: /_rels/.rels
2025-01-02 09:32:38 DEBUG POIXMLFactory:65 - using default POIXMLDocumentPart for http://schemas.openxmlformats.org/officeDocument/2006/relationships/printerSettings
2025-01-02 09:32:38 DEBUG PackageRelationshipCollection:307 - Parsing relationship: /xl/_rels/workbook.xml.rels
2025-01-02 09:32:38 DEBUG PackageRelationshipCollection:307 - Parsing relationship: /xl/worksheets/_rels/sheet1.xml.rels
2025-01-02 09:32:38 DEBUG PackageRelationshipCollection:307 - Parsing relationship: /_rels/.rels
2025-01-02 09:32:38 DEBUG POIXMLFactory:65 - using default POIXMLDocumentPart for http://schemas.openxmlformats.org/officeDocument/2006/relationships/printerSettings
2025-01-02 09:32:38 DEBUG PackageRelationshipCollection:307 - Parsing relationship: /xl/_rels/workbook.xml.rels
2025-01-02 09:32:38 DEBUG PackageRelationshipCollection:307 - Parsing relationship: /xl/worksheets/_rels/sheet1.xml.rels
2025-01-02 09:32:38 DEBUG PackageRelationshipCollection:307 - Parsing relationship: /_rels/.rels
2025-01-02 09:32:38 DEBUG POIXMLFactory:65 - using default POIXMLDocumentPart for http://schemas.openxmlformats.org/officeDocument/2006/relationships/printerSettings
2025-01-02 09:32:38 DEBUG PackageRelationshipCollection:307 - Parsing relationship: /xl/_rels/workbook.xml.rels
2025-01-02 09:32:38 DEBUG PackageRelationshipCollection:307 - Parsing relationship: /xl/worksheets/_rels/sheet1.xml.rels
2025-01-02 09:32:38 DEBUG PackageRelationshipCollection:307 - Parsing relationship: /_rels/.rels
2025-01-02 09:32:38 DEBUG POIXMLFactory:65 - using default POIXMLDocumentPart for http://schemas.openxmlformats.org/officeDocument/2006/relationships/printerSettings
2025-01-02 09:32:38 DEBUG PackageRelationshipCollection:307 - Parsing relationship: /xl/_rels/workbook.xml.rels
2025-01-02 09:32:38 DEBUG PackageRelationshipCollection:307 - Parsing relationship: /xl/worksheets/_rels/sheet1.xml.rels
2025-01-02 09:32:38 DEBUG PackageRelationshipCollection:307 - Parsing relationship: /_rels/.rels
2025-01-02 09:32:38 DEBUG POIXMLFactory:65 - using default POIXMLDocumentPart for http://schemas.openxmlformats.org/officeDocument/2006/relationships/printerSettings
2025-01-02 09:32:38 DEBUG PackageRelationshipCollection:307 - Parsing relationship: /xl/_rels/workbook.xml.rels
2025-01-02 09:32:38 DEBUG PackageRelationshipCollection:307 - Parsing relationship: /xl/worksheets/_rels/sheet1.xml.rels
2025-01-02 09:32:38 DEBUG PackageRelationshipCollection:307 - Parsing relationship: /_rels/.rels
2025-01-02 09:32:38 DEBUG POIXMLFactory:65 - using default POIXMLDocumentPart for http://schemas.openxmlformats.org/officeDocument/2006/relationships/printerSettings
2025-01-02 09:32:38 DEBUG PackageRelationshipCollection:307 - Parsing relationship: /xl/_rels/workbook.xml.rels
2025-01-02 09:32:38 DEBUG PackageRelationshipCollection:307 - Parsing relationship: /xl/worksheets/_rels/sheet1.xml.rels
2025-01-02 09:32:38 DEBUG PackageRelationshipCollection:307 - Parsing relationship: /_rels/.rels
2025-01-02 09:32:38 DEBUG POIXMLFactory:65 - using default POIXMLDocumentPart for http://schemas.openxmlformats.org/officeDocument/2006/relationships/printerSettings
2025-01-02 09:32:38 DEBUG PackageRelationshipCollection:307 - Parsing relationship: /xl/_rels/workbook.xml.rels
2025-01-02 09:32:38 DEBUG PackageRelationshipCollection:307 - Parsing relationship: /xl/worksheets/_rels/sheet1.xml.rels
2025-01-02 09:32:38 DEBUG PackageRelationshipCollection:307 - Parsing relationship: /_rels/.rels
2025-01-02 09:32:38 DEBUG POIXMLFactory:65 - using default POIXMLDocumentPart for http://schemas.openxmlformats.org/officeDocument/2006/relationships/printerSettings
2025-01-02 09:32:38 DEBUG PackageRelationshipCollection:307 - Parsing relationship: /xl/_rels/workbook.xml.rels
2025-01-02 09:32:38 DEBUG PackageRelationshipCollection:307 - Parsing relationship: /xl/worksheets/_rels/sheet1.xml.rels
2025-01-02 09:32:38 DEBUG PackageRelationshipCollection:307 - Parsing relationship: /_rels/.rels
2025-01-02 09:32:38 DEBUG POIXMLFactory:65 - using default POIXMLDocumentPart for http://schemas.openxmlformats.org/officeDocument/2006/relationships/printerSettings
2025-01-02 09:32:38 DEBUG PackageRelationshipCollection:307 - Parsing relationship: /xl/_rels/workbook.xml.rels
2025-01-02 09:32:38 DEBUG PackageRelationshipCollection:307 - Parsing relationship: /xl/worksheets/_rels/sheet1.xml.rels
2025-01-02 09:32:38 DEBUG PackageRelationshipCollection:307 - Parsing relationship: /_rels/.rels
2025-01-02 09:32:38 DEBUG POIXMLFactory:65 - using default POIXMLDocumentPart for http://schemas.openxmlformats.org/officeDocument/2006/relationships/printerSettings
2025-01-02 09:32:38 DEBUG PackageRelationshipCollection:307 - Parsing relationship: /xl/_rels/workbook.xml.rels
2025-01-02 09:32:38 DEBUG PackageRelationshipCollection:307 - Parsing relationship: /xl/worksheets/_rels/sheet1.xml.rels
2025-01-02 09:32:38 DEBUG PackageRelationshipCollection:307 - Parsing relationship: /_rels/.rels
2025-01-02 09:32:38 DEBUG POIXMLFactory:65 - using default POIXMLDocumentPart for http://schemas.openxmlformats.org/officeDocument/2006/relationships/printerSettings
2025-01-02 09:32:38 DEBUG PackageRelationshipCollection:307 - Parsing relationship: /xl/_rels/workbook.xml.rels
2025-01-02 09:32:38 DEBUG PackageRelationshipCollection:307 - Parsing relationship: /xl/worksheets/_rels/sheet1.xml.rels
2025-01-02 09:32:38 DEBUG PackageRelationshipCollection:307 - Parsing relationship: /_rels/.rels
2025-01-02 09:32:38 DEBUG POIXMLFactory:65 - using default POIXMLDocumentPart for http://schemas.openxmlformats.org/officeDocument/2006/relationships/printerSettings
2025-01-02 09:32:38 DEBUG PackageRelationshipCollection:307 - Parsing relationship: /xl/_rels/workbook.xml.rels
2025-01-02 09:32:38 DEBUG PackageRelationshipCollection:307 - Parsing relationship: /xl/worksheets/_rels/sheet1.xml.rels
2025-01-02 09:32:38 DEBUG PackageRelationshipCollection:307 - Parsing relationship: /_rels/.rels
2025-01-02 09:32:38 DEBUG POIXMLFactory:65 - using default POIXMLDocumentPart for http://schemas.openxmlformats.org/officeDocument/2006/relationships/printerSettings
2025-01-02 09:32:38 DEBUG PackageRelationshipCollection:307 - Parsing relationship: /xl/_rels/workbook.xml.rels
2025-01-02 09:32:38 DEBUG PackageRelationshipCollection:307 - Parsing relationship: /xl/worksheets/_rels/sheet1.xml.rels
2025-01-02 09:32:38 DEBUG PackageRelationshipCollection:307 - Parsing relationship: /_rels/.rels
2025-01-02 09:32:38 DEBUG POIXMLFactory:65 - using default POIXMLDocumentPart for http://schemas.openxmlformats.org/officeDocument/2006/relationships/printerSettings
2025-01-02 09:47:23 DEBUG PackageRelationshipCollection:307 - Parsing relationship: /xl/_rels/workbook.xml.rels
2025-01-02 09:47:23 DEBUG PackageRelationshipCollection:307 - Parsing relationship: /xl/worksheets/_rels/sheet1.xml.rels
2025-01-02 09:47:23 DEBUG PackageRelationshipCollection:307 - Parsing relationship: /_rels/.rels
2025-01-02 09:47:23 DEBUG POIXMLFactory:65 - using default POIXMLDocumentPart for http://schemas.openxmlformats.org/officeDocument/2006/relationships/printerSettings
2025-01-02 09:47:24 DEBUG PackageRelationshipCollection:307 - Parsing relationship: /xl/_rels/workbook.xml.rels
2025-01-02 09:47:24 DEBUG PackageRelationshipCollection:307 - Parsing relationship: /xl/worksheets/_rels/sheet1.xml.rels
2025-01-02 09:47:24 DEBUG PackageRelationshipCollection:307 - Parsing relationship: /_rels/.rels
2025-01-02 09:47:24 DEBUG POIXMLFactory:65 - using default POIXMLDocumentPart for http://schemas.openxmlformats.org/officeDocument/2006/relationships/printerSettings
2025-01-02 09:47:24 DEBUG PackageRelationshipCollection:307 - Parsing relationship: /xl/_rels/workbook.xml.rels
2025-01-02 09:47:24 DEBUG PackageRelationshipCollection:307 - Parsing relationship: /xl/worksheets/_rels/sheet1.xml.rels
2025-01-02 09:47:24 DEBUG PackageRelationshipCollection:307 - Parsing relationship: /_rels/.rels
2025-01-02 09:47:24 DEBUG POIXMLFactory:65 - using default POIXMLDocumentPart for http://schemas.openxmlformats.org/officeDocument/2006/relationships/printerSettings
2025-01-02 09:47:24 DEBUG PackageRelationshipCollection:307 - Parsing relationship: /xl/_rels/workbook.xml.rels
2025-01-02 09:47:24 DEBUG PackageRelationshipCollection:307 - Parsing relationship: /xl/worksheets/_rels/sheet1.xml.rels
2025-01-02 09:47:24 DEBUG PackageRelationshipCollection:307 - Parsing relationship: /_rels/.rels
2025-01-02 09:47:24 DEBUG POIXMLFactory:65 - using default POIXMLDocumentPart for http://schemas.openxmlformats.org/officeDocument/2006/relationships/printerSettings
2025-01-02 09:47:24 DEBUG PackageRelationshipCollection:307 - Parsing relationship: /xl/_rels/workbook.xml.rels
2025-01-02 09:47:24 DEBUG PackageRelationshipCollection:307 - Parsing relationship: /xl/worksheets/_rels/sheet1.xml.rels
2025-01-02 09:47:24 DEBUG PackageRelationshipCollection:307 - Parsing relationship: /_rels/.rels
2025-01-02 09:47:24 DEBUG POIXMLFactory:65 - using default POIXMLDocumentPart for http://schemas.openxmlformats.org/officeDocument/2006/relationships/printerSettings
2025-01-02 09:47:24 DEBUG PackageRelationshipCollection:307 - Parsing relationship: /xl/_rels/workbook.xml.rels
2025-01-02 09:47:24 DEBUG PackageRelationshipCollection:307 - Parsing relationship: /xl/worksheets/_rels/sheet1.xml.rels
2025-01-02 09:47:24 DEBUG PackageRelationshipCollection:307 - Parsing relationship: /_rels/.rels
2025-01-02 09:47:24 DEBUG POIXMLFactory:65 - using default POIXMLDocumentPart for http://schemas.openxmlformats.org/officeDocument/2006/relationships/printerSettings
2025-01-02 09:47:24 DEBUG PackageRelationshipCollection:307 - Parsing relationship: /xl/_rels/workbook.xml.rels
2025-01-02 09:47:24 DEBUG PackageRelationshipCollection:307 - Parsing relationship: /xl/worksheets/_rels/sheet1.xml.rels
2025-01-02 09:47:24 DEBUG PackageRelationshipCollection:307 - Parsing relationship: /_rels/.rels
2025-01-02 09:47:24 DEBUG POIXMLFactory:65 - using default POIXMLDocumentPart for http://schemas.openxmlformats.org/officeDocument/2006/relationships/printerSettings
2025-01-02 09:47:24 DEBUG PackageRelationshipCollection:307 - Parsing relationship: /xl/_rels/workbook.xml.rels
2025-01-02 09:47:24 DEBUG PackageRelationshipCollection:307 - Parsing relationship: /xl/worksheets/_rels/sheet1.xml.rels
2025-01-02 09:47:24 DEBUG PackageRelationshipCollection:307 - Parsing relationship: /_rels/.rels
2025-01-02 09:47:24 DEBUG POIXMLFactory:65 - using default POIXMLDocumentPart for http://schemas.openxmlformats.org/officeDocument/2006/relationships/printerSettings
2025-01-02 09:47:24 DEBUG PackageRelationshipCollection:307 - Parsing relationship: /xl/_rels/workbook.xml.rels
2025-01-02 09:47:24 DEBUG PackageRelationshipCollection:307 - Parsing relationship: /xl/worksheets/_rels/sheet1.xml.rels
2025-01-02 09:47:24 DEBUG PackageRelationshipCollection:307 - Parsing relationship: /_rels/.rels
2025-01-02 09:47:24 DEBUG POIXMLFactory:65 - using default POIXMLDocumentPart for http://schemas.openxmlformats.org/officeDocument/2006/relationships/printerSettings
2025-01-02 09:47:24 DEBUG PackageRelationshipCollection:307 - Parsing relationship: /xl/_rels/workbook.xml.rels
2025-01-02 09:47:24 DEBUG PackageRelationshipCollection:307 - Parsing relationship: /xl/worksheets/_rels/sheet1.xml.rels
2025-01-02 09:47:24 DEBUG PackageRelationshipCollection:307 - Parsing relationship: /_rels/.rels
2025-01-02 09:47:24 DEBUG POIXMLFactory:65 - using default POIXMLDocumentPart for http://schemas.openxmlformats.org/officeDocument/2006/relationships/printerSettings
2025-01-02 09:47:24 DEBUG PackageRelationshipCollection:307 - Parsing relationship: /xl/_rels/workbook.xml.rels
2025-01-02 09:47:24 DEBUG PackageRelationshipCollection:307 - Parsing relationship: /xl/worksheets/_rels/sheet1.xml.rels
2025-01-02 09:47:24 DEBUG PackageRelationshipCollection:307 - Parsing relationship: /_rels/.rels
2025-01-02 09:47:24 DEBUG POIXMLFactory:65 - using default POIXMLDocumentPart for http://schemas.openxmlformats.org/officeDocument/2006/relationships/printerSettings
2025-01-02 09:47:24 DEBUG PackageRelationshipCollection:307 - Parsing relationship: /xl/_rels/workbook.xml.rels
2025-01-02 09:47:24 DEBUG PackageRelationshipCollection:307 - Parsing relationship: /xl/worksheets/_rels/sheet1.xml.rels
2025-01-02 09:47:24 DEBUG PackageRelationshipCollection:307 - Parsing relationship: /_rels/.rels
2025-01-02 09:47:24 DEBUG POIXMLFactory:65 - using default POIXMLDocumentPart for http://schemas.openxmlformats.org/officeDocument/2006/relationships/printerSettings
2025-01-02 09:47:24 DEBUG PackageRelationshipCollection:307 - Parsing relationship: /xl/_rels/workbook.xml.rels
2025-01-02 09:47:24 DEBUG PackageRelationshipCollection:307 - Parsing relationship: /xl/worksheets/_rels/sheet1.xml.rels
2025-01-02 09:47:24 DEBUG PackageRelationshipCollection:307 - Parsing relationship: /_rels/.rels
2025-01-02 09:47:24 DEBUG POIXMLFactory:65 - using default POIXMLDocumentPart for http://schemas.openxmlformats.org/officeDocument/2006/relationships/printerSettings
2025-01-02 09:47:24 DEBUG PackageRelationshipCollection:307 - Parsing relationship: /xl/_rels/workbook.xml.rels
2025-01-02 09:47:24 DEBUG PackageRelationshipCollection:307 - Parsing relationship: /xl/worksheets/_rels/sheet1.xml.rels
2025-01-02 09:47:24 DEBUG PackageRelationshipCollection:307 - Parsing relationship: /_rels/.rels
2025-01-02 09:47:24 DEBUG POIXMLFactory:65 - using default POIXMLDocumentPart for http://schemas.openxmlformats.org/officeDocument/2006/relationships/printerSettings
2025-01-02 09:47:24 DEBUG PackageRelationshipCollection:307 - Parsing relationship: /xl/_rels/workbook.xml.rels
2025-01-02 09:47:24 DEBUG PackageRelationshipCollection:307 - Parsing relationship: /xl/worksheets/_rels/sheet1.xml.rels
2025-01-02 09:47:24 DEBUG PackageRelationshipCollection:307 - Parsing relationship: /_rels/.rels
2025-01-02 09:47:24 DEBUG POIXMLFactory:65 - using default POIXMLDocumentPart for http://schemas.openxmlformats.org/officeDocument/2006/relationships/printerSettings
2025-01-02 09:47:24 DEBUG PackageRelationshipCollection:307 - Parsing relationship: /xl/_rels/workbook.xml.rels
2025-01-02 09:47:24 DEBUG PackageRelationshipCollection:307 - Parsing relationship: /xl/worksheets/_rels/sheet1.xml.rels
2025-01-02 09:47:24 DEBUG PackageRelationshipCollection:307 - Parsing relationship: /_rels/.rels
2025-01-02 09:47:24 DEBUG POIXMLFactory:65 - using default POIXMLDocumentPart for http://schemas.openxmlformats.org/officeDocument/2006/relationships/printerSettings
2025-01-02 09:47:24 DEBUG PackageRelationshipCollection:307 - Parsing relationship: /xl/_rels/workbook.xml.rels
2025-01-02 09:47:24 DEBUG PackageRelationshipCollection:307 - Parsing relationship: /xl/worksheets/_rels/sheet1.xml.rels
2025-01-02 09:47:24 DEBUG PackageRelationshipCollection:307 - Parsing relationship: /_rels/.rels
2025-01-02 09:47:24 DEBUG POIXMLFactory:65 - using default POIXMLDocumentPart for http://schemas.openxmlformats.org/officeDocument/2006/relationships/printerSettings
2025-01-02 10:00:19 DEBUG TestNG:82 - suiteXmlPath: "C:\Users\kkirdak\OneDrive - Capgemini\Desktop\Selenium Pavan Kumar\Programs\OpenCartV1\master.xml"
2025-01-02 10:00:24 INFO  TC001_AccountRegistrationTest:17 - ****Starting TC001_AccountRegistrationTest......***
2025-01-02 10:00:25 INFO  TC001_AccountRegistrationTest:22 - Clicked on register link...
2025-01-02 10:00:25 INFO  TC001_AccountRegistrationTest:26 - Entering customer details...
2025-01-02 10:00:30 INFO  TC001_AccountRegistrationTest:39 - Validating expected message
2025-01-02 10:00:30 INFO  TC001_AccountRegistrationTest:59 - ****Finished TC001_AccountRegistrationTest......***
2025-01-02 10:00:34 INFO  TC002_LoginTest:15 - *****Starting TC002_LoginTest*****
2025-01-02 10:00:36 INFO  TC002_LoginTest:40 - *****Finished TC002_LoginTest*****
2025-01-02 10:34:56 DEBUG TestNG:82 - suiteXmlPath: "C:\Users\kkirdak\OneDrive - Capgemini\Desktop\Selenium Pavan Kumar\Programs\OpenCartV1\master.xml"
2025-01-02 10:35:03 INFO  TC001_AccountRegistrationTest:17 - ****Starting TC001_AccountRegistrationTest......***
2025-01-02 10:35:04 INFO  TC001_AccountRegistrationTest:22 - Clicked on register link...
2025-01-02 10:35:04 INFO  TC001_AccountRegistrationTest:26 - Entering customer details...
2025-01-02 10:35:09 INFO  TC001_AccountRegistrationTest:39 - Validating expected message
2025-01-02 10:35:09 INFO  TC001_AccountRegistrationTest:59 - ****Finished TC001_AccountRegistrationTest......***
2025-01-02 10:35:12 INFO  TC002_LoginTest:15 - *****Starting TC002_LoginTest*****
2025-01-02 10:35:14 INFO  TC002_LoginTest:40 - *****Finished TC002_LoginTest*****
2025-01-02 10:44:40 DEBUG TestNG:82 - suiteXmlPath: "C:\Users\kkirdak\OneDrive - Capgemini\Desktop\Selenium Pavan Kumar\Programs\OpenCartV1\master.xml"
2025-01-02 10:44:46 INFO  TC001_AccountRegistrationTest:17 - ****Starting TC001_AccountRegistrationTest......***
2025-01-02 10:44:47 INFO  TC001_AccountRegistrationTest:22 - Clicked on register link...
2025-01-02 10:44:47 INFO  TC001_AccountRegistrationTest:26 - Entering customer details...
2025-01-02 10:44:51 INFO  TC001_AccountRegistrationTest:39 - Validating expected message
2025-01-02 10:44:51 INFO  TC001_AccountRegistrationTest:59 - ****Finished TC001_AccountRegistrationTest......***
2025-01-02 10:44:55 INFO  TC002_LoginTest:15 - *****Starting TC002_LoginTest*****
2025-01-02 10:44:59 INFO  TC002_LoginTest:40 - *****Finished TC002_LoginTest*****
